#
# There is insufficient memory for the Java Runtime Environment to continue.
# Native memory allocation (mmap) failed to map 43515904 bytes for committing reserved memory.
# Possible reasons:
#   The system is out of physical RAM or swap space
#   In 32 bit mode, the process size limit was hit
# Possible solutions:
#   Reduce memory load on the system
#   Increase physical memory or swap space
#   Check if swap backing store is full
#   Use 64 bit Java on a 64 bit OS
#   Decrease Java heap size (-Xmx/-Xms)
#   Decrease number of Java threads
#   Decrease Java thread stack sizes (-Xss)
#   Set larger code cache with -XX:ReservedCodeCacheSize=
# This output file may be truncated or incomplete.
#
#  Out of Memory Error (os_linux.cpp:2640), pid=4916, tid=0x00007f5c1ba87700
#
# JRE version:  (8.0_144-b01) (build )
# Java VM: Java HotSpot(TM) 64-Bit Server VM (25.144-b01 mixed mode linux-amd64 compressed oops)
# Failed to write core dump. Core dumps have been disabled. To enable core dumping, try "ulimit -c unlimited" before starting Java again
#

---------------  T H R E A D  ---------------

Current thread (0x00007f5c1400b000):  JavaThread "Unknown thread" [_thread_in_vm, id=4918, stack(0x00007f5c1b987000,0x00007f5c1ba88000)]

Stack: [0x00007f5c1b987000,0x00007f5c1ba88000],  sp=0x00007f5c1ba863c0,  free space=1020k
Native frames: (J=compiled Java code, j=interpreted, Vv=VM code, C=native code)
V  [libjvm.so+0xacb18a]  VMError::report_and_die()+0x2ba
V  [libjvm.so+0x4ff4db]  report_vm_out_of_memory(char const*, int, unsigned long, VMErrorType, char const*)+0x8b
V  [libjvm.so+0x927d23]  os::Linux::commit_memory_impl(char*, unsigned long, bool)+0x103
V  [libjvm.so+0x928279]  os::pd_commit_memory(char*, unsigned long, unsigned long, bool)+0x29
V  [libjvm.so+0x92249a]  os::commit_memory(char*, unsigned long, unsigned long, bool)+0x2a
V  [libjvm.so+0x996ff3]  PSVirtualSpace::expand_by(unsigned long)+0x53
V  [libjvm.so+0x987107]  PSOldGen::initialize(ReservedSpace, unsigned long, char const*, int)+0xb7
V  [libjvm.so+0x2dac3a]  AdjoiningGenerations::AdjoiningGenerations(ReservedSpace, GenerationSizer*, unsigned long)+0x39a
V  [libjvm.so+0x94b3a6]  ParallelScavengeHeap::initialize()+0x1d6
V  [libjvm.so+0xa93203]  Universe::initialize_heap()+0xf3
V  [libjvm.so+0xa9376e]  universe_init()+0x3e
V  [libjvm.so+0x640565]  init_globals()+0x65
V  [libjvm.so+0xa76e5e]  Threads::create_vm(JavaVMInitArgs*, bool*)+0x23e
V  [libjvm.so+0x6d4e64]  JNI_CreateJavaVM+0x74
C  [libjli.so+0x745e]  JavaMain+0x9e
C  [libpthread.so.0+0x7494]  start_thread+0xc4


---------------  P R O C E S S  ---------------

Java Threads: ( => current thread )

Other Threads:

=>0x00007f5c1400b000 (exited) JavaThread "Unknown thread" [_thread_in_vm, id=4918, stack(0x00007f5c1b987000,0x00007f5c1ba88000)]

VM state:not at safepoint (not fully initialized)

VM Mutex/Monitor currently owned by a thread: None

GC Heap History (0 events):
No events

Deoptimization events (0 events):
No events

Internal exceptions (0 events):
No events

Events (0 events):
No events


Dynamic libraries:
00400000-00401000 r-xp 00000000 08:02 2628214                            /opt/jdk/jvm/jdk1.8.0_144/bin/java
00600000-00601000 rw-p 00000000 08:02 2628214                            /opt/jdk/jvm/jdk1.8.0_144/bin/java
008f4000-00915000 rw-p 00000000 00:00 0                                  [heap]
c6380000-ebe00000 ---p 00000000 00:00 0 
ebe00000-ed280000 rw-p 00000000 00:00 0 
ed280000-100000000 ---p 00000000 00:00 0 
7f5c05000000-7f5c05270000 rwxp 00000000 00:00 0 
7f5c05270000-7f5c14000000 ---p 00000000 00:00 0 
7f5c14000000-7f5c14036000 rw-p 00000000 00:00 0 
7f5c14036000-7f5c18000000 ---p 00000000 00:00 0 
7f5c182fb000-7f5c18582000 rw-p 00000000 00:00 0 
7f5c18582000-7f5c186c4000 ---p 00000000 00:00 0 
7f5c186c4000-7f5c186cf000 rw-p 00000000 00:00 0 
7f5c186cf000-7f5c18765000 ---p 00000000 00:00 0 
7f5c18765000-7f5c18770000 rw-p 00000000 00:00 0 
7f5c18770000-7f5c18b26000 ---p 00000000 00:00 0 
7f5c18b26000-7f5c18b40000 r-xp 00000000 08:02 2626754                    /opt/jdk/jvm/jdk1.8.0_144/jre/lib/amd64/libzip.so
7f5c18b40000-7f5c18d40000 ---p 0001a000 08:02 2626754                    /opt/jdk/jvm/jdk1.8.0_144/jre/lib/amd64/libzip.so
7f5c18d40000-7f5c18d41000 rw-p 0001a000 08:02 2626754                    /opt/jdk/jvm/jdk1.8.0_144/jre/lib/amd64/libzip.so
7f5c18d41000-7f5c18d4b000 r-xp 00000000 08:02 12082194                   /lib/x86_64-linux-gnu/libnss_files-2.24.so
7f5c18d4b000-7f5c18f4b000 ---p 0000a000 08:02 12082194                   /lib/x86_64-linux-gnu/libnss_files-2.24.so
7f5c18f4b000-7f5c18f4c000 r--p 0000a000 08:02 12082194                   /lib/x86_64-linux-gnu/libnss_files-2.24.so
7f5c18f4c000-7f5c18f4d000 rw-p 0000b000 08:02 12082194                   /lib/x86_64-linux-gnu/libnss_files-2.24.so
7f5c18f4d000-7f5c18f53000 rw-p 00000000 00:00 0 
7f5c18f53000-7f5c18f5e000 r-xp 00000000 08:02 12082196                   /lib/x86_64-linux-gnu/libnss_nis-2.24.so
7f5c18f5e000-7f5c1915d000 ---p 0000b000 08:02 12082196                   /lib/x86_64-linux-gnu/libnss_nis-2.24.so
7f5c1915d000-7f5c1915e000 r--p 0000a000 08:02 12082196                   /lib/x86_64-linux-gnu/libnss_nis-2.24.so
7f5c1915e000-7f5c1915f000 rw-p 0000b000 08:02 12082196                   /lib/x86_64-linux-gnu/libnss_nis-2.24.so
7f5c1915f000-7f5c19173000 r-xp 00000000 08:02 12082191                   /lib/x86_64-linux-gnu/libnsl-2.24.so
7f5c19173000-7f5c19373000 ---p 00014000 08:02 12082191                   /lib/x86_64-linux-gnu/libnsl-2.24.so
7f5c19373000-7f5c19374000 r--p 00014000 08:02 12082191                   /lib/x86_64-linux-gnu/libnsl-2.24.so
7f5c19374000-7f5c19375000 rw-p 00015000 08:02 12082191                   /lib/x86_64-linux-gnu/libnsl-2.24.so
7f5c19375000-7f5c19377000 rw-p 00000000 00:00 0 
7f5c19377000-7f5c1937e000 r-xp 00000000 08:02 12082192                   /lib/x86_64-linux-gnu/libnss_compat-2.24.so
7f5c1937e000-7f5c1957d000 ---p 00007000 08:02 12082192                   /lib/x86_64-linux-gnu/libnss_compat-2.24.so
7f5c1957d000-7f5c1957e000 r--p 00006000 08:02 12082192                   /lib/x86_64-linux-gnu/libnss_compat-2.24.so
7f5c1957e000-7f5c1957f000 rw-p 00007000 08:02 12082192                   /lib/x86_64-linux-gnu/libnss_compat-2.24.so
7f5c1957f000-7f5c195aa000 r-xp 00000000 08:02 2626797                    /opt/jdk/jvm/jdk1.8.0_144/jre/lib/amd64/libjava.so
7f5c195aa000-7f5c197a9000 ---p 0002b000 08:02 2626797                    /opt/jdk/jvm/jdk1.8.0_144/jre/lib/amd64/libjava.so
7f5c197a9000-7f5c197ab000 rw-p 0002a000 08:02 2626797                    /opt/jdk/jvm/jdk1.8.0_144/jre/lib/amd64/libjava.so
7f5c197ab000-7f5c197b8000 r-xp 00000000 08:02 2626777                    /opt/jdk/jvm/jdk1.8.0_144/jre/lib/amd64/libverify.so
7f5c197b8000-7f5c199b8000 ---p 0000d000 08:02 2626777                    /opt/jdk/jvm/jdk1.8.0_144/jre/lib/amd64/libverify.so
7f5c199b8000-7f5c199ba000 rw-p 0000d000 08:02 2626777                    /opt/jdk/jvm/jdk1.8.0_144/jre/lib/amd64/libverify.so
7f5c199ba000-7f5c199c1000 r-xp 00000000 08:02 12082201                   /lib/x86_64-linux-gnu/librt-2.24.so
7f5c199c1000-7f5c19bc0000 ---p 00007000 08:02 12082201                   /lib/x86_64-linux-gnu/librt-2.24.so
7f5c19bc0000-7f5c19bc1000 r--p 00006000 08:02 12082201                   /lib/x86_64-linux-gnu/librt-2.24.so
7f5c19bc1000-7f5c19bc2000 rw-p 00007000 08:02 12082201                   /lib/x86_64-linux-gnu/librt-2.24.so
7f5c19bc2000-7f5c19cc5000 r-xp 00000000 08:02 12082188                   /lib/x86_64-linux-gnu/libm-2.24.so
7f5c19cc5000-7f5c19ec4000 ---p 00103000 08:02 12082188                   /lib/x86_64-linux-gnu/libm-2.24.so
7f5c19ec4000-7f5c19ec5000 r--p 00102000 08:02 12082188                   /lib/x86_64-linux-gnu/libm-2.24.so
7f5c19ec5000-7f5c19ec6000 rw-p 00103000 08:02 12082188                   /lib/x86_64-linux-gnu/libm-2.24.so
7f5c19ec6000-7f5c1ab99000 r-xp 00000000 08:02 2626758                    /opt/jdk/jvm/jdk1.8.0_144/jre/lib/amd64/server/libjvm.so
7f5c1ab99000-7f5c1ad98000 ---p 00cd3000 08:02 2626758                    /opt/jdk/jvm/jdk1.8.0_144/jre/lib/amd64/server/libjvm.so
7f5c1ad98000-7f5c1ae72000 rw-p 00cd2000 08:02 2626758                    /opt/jdk/jvm/jdk1.8.0_144/jre/lib/amd64/server/libjvm.so
7f5c1ae72000-7f5c1aebd000 rw-p 00000000 00:00 0 
7f5c1aebd000-7f5c1b052000 r-xp 00000000 08:02 12082184                   /lib/x86_64-linux-gnu/libc-2.24.so
7f5c1b052000-7f5c1b252000 ---p 00195000 08:02 12082184                   /lib/x86_64-linux-gnu/libc-2.24.so
7f5c1b252000-7f5c1b256000 r--p 00195000 08:02 12082184                   /lib/x86_64-linux-gnu/libc-2.24.so
7f5c1b256000-7f5c1b258000 rw-p 00199000 08:02 12082184                   /lib/x86_64-linux-gnu/libc-2.24.so
7f5c1b258000-7f5c1b25c000 rw-p 00000000 00:00 0 
7f5c1b25c000-7f5c1b25f000 r-xp 00000000 08:02 12082187                   /lib/x86_64-linux-gnu/libdl-2.24.so
7f5c1b25f000-7f5c1b45e000 ---p 00003000 08:02 12082187                   /lib/x86_64-linux-gnu/libdl-2.24.so
7f5c1b45e000-7f5c1b45f000 r--p 00002000 08:02 12082187                   /lib/x86_64-linux-gnu/libdl-2.24.so
7f5c1b45f000-7f5c1b460000 rw-p 00003000 08:02 12082187                   /lib/x86_64-linux-gnu/libdl-2.24.so
7f5c1b460000-7f5c1b475000 r-xp 00000000 08:02 2626929                    /opt/jdk/jvm/jdk1.8.0_144/lib/amd64/jli/libjli.so
7f5c1b475000-7f5c1b675000 ---p 00015000 08:02 2626929                    /opt/jdk/jvm/jdk1.8.0_144/lib/amd64/jli/libjli.so
7f5c1b675000-7f5c1b676000 rw-p 00015000 08:02 2626929                    /opt/jdk/jvm/jdk1.8.0_144/lib/amd64/jli/libjli.so
7f5c1b676000-7f5c1b68e000 r-xp 00000000 08:02 12082199                   /lib/x86_64-linux-gnu/libpthread-2.24.so
7f5c1b68e000-7f5c1b88d000 ---p 00018000 08:02 12082199                   /lib/x86_64-linux-gnu/libpthread-2.24.so
7f5c1b88d000-7f5c1b88e000 r--p 00017000 08:02 12082199                   /lib/x86_64-linux-gnu/libpthread-2.24.so
7f5c1b88e000-7f5c1b88f000 rw-p 00018000 08:02 12082199                   /lib/x86_64-linux-gnu/libpthread-2.24.so
7f5c1b88f000-7f5c1b893000 rw-p 00000000 00:00 0 
7f5c1b893000-7f5c1b8b6000 r-xp 00000000 08:02 12082179                   /lib/x86_64-linux-gnu/ld-2.24.so
7f5c1b987000-7f5c1b98a000 ---p 00000000 00:00 0 
7f5c1b98a000-7f5c1ba8a000 rw-p 00000000 00:00 0 
7f5c1baa9000-7f5c1bab1000 rw-s 00000000 08:02 14982680                   /tmp/hsperfdata_deb/4916
7f5c1bab1000-7f5c1bab2000 rw-p 00000000 00:00 0 
7f5c1bab2000-7f5c1bab3000 r--p 00000000 00:00 0 
7f5c1bab3000-7f5c1bab6000 rw-p 00000000 00:00 0 
7f5c1bab6000-7f5c1bab7000 r--p 00023000 08:02 12082179                   /lib/x86_64-linux-gnu/ld-2.24.so
7f5c1bab7000-7f5c1bab8000 rw-p 00024000 08:02 12082179                   /lib/x86_64-linux-gnu/ld-2.24.so
7f5c1bab8000-7f5c1bab9000 rw-p 00000000 00:00 0 
7ffd42a9a000-7ffd42abc000 rw-p 00000000 00:00 0                          [stack]
7ffd42b8b000-7ffd42b8d000 r--p 00000000 00:00 0                          [vvar]
7ffd42b8d000-7ffd42b8f000 r-xp 00000000 00:00 0                          [vdso]
ffffffffff600000-ffffffffff601000 r-xp 00000000 00:00 0                  [vsyscall]

VM Arguments:
jvm_args: -Dfile.encoding=UTF-8 -Xbootclasspath/p:/home/deb/netbeans-8.2/enterprise/modules/ext/javaee7-endorsed/javax.annotation-api.jar:/home/deb/netbeans-8.2/enterprise/modules/ext/javaee7-endorsed/javax.xml.soap-api.jar:/home/deb/netbeans-8.2/enterprise/modules/ext/javaee7-endorsed/jaxb-api-osgi.jar:/home/deb/netbeans-8.2/enterprise/modules/ext/javaee7-endorsed/jaxws-api.jar:/home/deb/netbeans-8.2/enterprise/modules/ext/javaee7-endorsed/jsr181-api.jar 
java_command: controlador.test
java_class_path (initial): /home/deb/NetBeansProjects/SistemaContable/build/web/WEB-INF/classes:/home/deb/netbeans-8.2/java/modules/ext/hibernate4/antlr-2.7.7.jar:/home/deb/netbeans-8.2/java/modules/ext/hibernate4/c3p0-0.9.2.1.jar:/home/deb/netbeans-8.2/java/modules/ext/hibernate4/hibernate-c3p0-4.3.1.Final.jar:/home/deb/netbeans-8.2/java/modules/ext/hibernate4/mchange-commons-java-0.2.3.4.jar:/home/deb/netbeans-8.2/java/modules/ext/hibernate4/dom4j-1.6.1.jar:/home/deb/netbeans-8.2/java/modules/ext/hibernate4/ehcache-core-2.4.3.jar:/home/deb/netbeans-8.2/java/modules/ext/hibernate4/hibernate-ehcache-4.3.1.Final.jar:/home/deb/netbeans-8.2/java/modules/ext/hibernate4/hibernate-core-4.3.1.Final.jar:/home/deb/netbeans-8.2/java/modules/ext/hibernate4/jboss-logging-3.1.3.GA.jar:/home/deb/netbeans-8.2/java/modules/ext/hibernate4/hibernate-commons-annotations-4.0.4.Final.jar:/home/deb/netbeans-8.2/java/modules/ext/hibernate4/hibernate-entitymanager-4.3.1.Final.jar:/home/deb/netbeans-8.2/java/modules/ext/hibernate4/javassist-3.18.1-GA.jar:/home/deb/netbeans-8.2/java/modules/ext/hibernate4/jboss-transaction-api_1.2_spec-1.0.0.Final.jar:/home/deb/netbeans-8.2/java/modules/ext/hibernate4/slf4j-api-1.6.1.jar:/home/deb/netbeans-8.2/java/modules/ext/hibernate4/slf4j-simple-1.6.1.jar:/home/deb/netbeans-8.2/java/modules/ext/hibernate4/hibernate-jpa-2.1-api-1.0.0.Final.jar:/home/deb/netbeans-8.2/ide/modules/ext/postgresql-9.4.1209.jar:/opt/apache-tomcat-8.0.27/lib/annotations-api.jar:/opt/apache-tomcat-8.0.27/lib/catalina-ant.jar:/opt/apache-tomcat-8.0.27/lib/catalina-ha.jar:/opt/apache-tomcat-8.0.27/lib/catalina-storeconfig.jar:/opt/apache-tomcat-8.0.27/lib/catalina-tribes.jar:/opt/apache-tomcat-8.0.27/lib/catalina.jar:/opt/apache-tomcat-8.0.27/lib/ecj-4.4.2.jar:/opt/apache-tomcat-8.0.27/lib/el-api.jar:/opt/apache-tomcat-8.0.27/lib/jasper-el.jar:/opt/apache-tomcat-8.0.27/lib/jasper.jar:/opt/apache-tomcat-8.0.27/lib/jsp-api.jar:/opt/apache-tomcat-8.0.27/lib/servlet-api.jar:/opt/apa
Launcher Type: SUN_STANDARD

Environment Variables:
PATH=/usr/local/bin:/usr/bin:/bin:/usr/local/games:/usr/games
USERNAME=deb
LD_LIBRARY_PATH=/opt/jdk/jvm/jdk1.8.0_144/jre/lib/amd64:/opt/jdk/jvm/jdk1.8.0_144/jre/lib/i386:
SHELL=/bin/bash
DISPLAY=:0

Signal Handlers:
SIGSEGV: [libjvm.so+0xacba10], sa_mask[0]=11111111011111111101111111111110, sa_flags=SA_RESTART|SA_SIGINFO
SIGBUS: [libjvm.so+0xacba10], sa_mask[0]=11111111011111111101111111111110, sa_flags=SA_RESTART|SA_SIGINFO
SIGFPE: [libjvm.so+0x924ba0], sa_mask[0]=11111111011111111101111111111110, sa_flags=SA_RESTART|SA_SIGINFO
SIGPIPE: [libjvm.so+0x924ba0], sa_mask[0]=11111111011111111101111111111110, sa_flags=SA_RESTART|SA_SIGINFO
SIGXFSZ: [libjvm.so+0x924ba0], sa_mask[0]=11111111011111111101111111111110, sa_flags=SA_RESTART|SA_SIGINFO
SIGILL: [libjvm.so+0x924ba0], sa_mask[0]=11111111011111111101111111111110, sa_flags=SA_RESTART|SA_SIGINFO
SIGUSR1: SIG_DFL, sa_mask[0]=00000000000000000000000000000000, sa_flags=none
SIGUSR2: [libjvm.so+0x9263e0], sa_mask[0]=00100000000000000000000000000000, sa_flags=SA_RESTART|SA_SIGINFO
SIGHUP: SIG_DFL, sa_mask[0]=00000000000000000000000000000000, sa_flags=none
SIGINT: SIG_IGN, sa_mask[0]=00000000000000000000000000000000, sa_flags=none
SIGTERM: SIG_DFL, sa_mask[0]=00000000000000000000000000000000, sa_flags=none
SIGQUIT: SIG_DFL, sa_mask[0]=00000000000000000000000000000000, sa_flags=none


---------------  S Y S T E M  ---------------

OS:PRETTY_NAME="Debian GNU/Linux 9 (stretch)"
NAME="Debian GNU/Linux"
VERSION_ID="9"
VERSION="9 (stretch)"
ID=debian
HOME_URL="https://www.debian.org/"
SUPPORT_URL="https://www.debian.org/support"
BUG_REPORT_URL="https://bugs.debian.org/"

uname:Linux 4.9.0-4-amd64 #1 SMP Debian 4.9.65-3+deb9u1 (2017-12-23) x86_64
libc:glibc 2.24 NPTL 2.24 
rlimit: STACK 8192k, CORE 0k, NPROC 15334, NOFILE 1048576, AS infinity
load average:1.48 0.64 0.67

/proc/meminfo:
MemTotal:        3948992 kB
MemFree:          113828 kB
MemAvailable:      21300 kB
Buffers:             908 kB
Cached:           238924 kB
SwapCached:            0 kB
Active:          3436800 kB
Inactive:         217992 kB
Active(anon):    3421492 kB
Inactive(anon):   202628 kB
Active(file):      15308 kB
Inactive(file):    15364 kB
Unevictable:         112 kB
Mlocked:             112 kB
SwapTotal:             0 kB
SwapFree:              0 kB
Dirty:               156 kB
Writeback:            12 kB
AnonPages:       3415240 kB
Mapped:           116460 kB
Shmem:            208992 kB
Slab:              83704 kB
SReclaimable:      25200 kB
SUnreclaim:        58504 kB
KernelStack:       11472 kB
PageTables:        52092 kB
NFS_Unstable:          0 kB
Bounce:                0 kB
WritebackTmp:          0 kB
CommitLimit:     1974496 kB
Committed_AS:    9076512 kB
VmallocTotal:   34359738367 kB
VmallocUsed:           0 kB
VmallocChunk:          0 kB
HardwareCorrupted:     0 kB
AnonHugePages:      2048 kB
ShmemHugePages:        0 kB
ShmemPmdMapped:        0 kB
HugePages_Total:       0
HugePages_Free:        0
HugePages_Rsvd:        0
HugePages_Surp:        0
Hugepagesize:       2048 kB
DirectMap4k:      109208 kB
DirectMap2M:     3983360 kB


CPU:total 2 (initial active 2) (2 cores per cpu, 1 threads per core) family 6 model 23 stepping 10, cmov, cx8, fxsr, mmx, sse, sse2, sse3, ssse3, tsc

/proc/cpuinfo:
processor	: 0
vendor_id	: GenuineIntel
cpu family	: 6
model		: 23
model name	: Pentium(R) Dual-Core CPU       T4500  @ 2.30GHz
stepping	: 10
microcode	: 0xa0b
cpu MHz		: 2300.000
cache size	: 1024 KB
physical id	: 0
siblings	: 2
core id		: 0
cpu cores	: 2
apicid		: 0
initial apicid	: 0
fpu		: yes
fpu_exception	: yes
cpuid level	: 13
wp		: yes
flags		: fpu vme de pse tsc msr pae mce cx8 apic sep mtrr pge mca cmov pat pse36 clflush dts acpi mmx fxsr sse sse2 ss ht tm pbe syscall nx lm constant_tsc arch_perfmon pebs bts nopl aperfmperf eagerfpu pni dtes64 monitor ds_cpl est tm2 ssse3 cx16 xtpr pdcm xsave lahf_lm dtherm
bugs		:
bogomips	: 4588.28
clflush size	: 64
cache_alignment	: 64
address sizes	: 36 bits physical, 48 bits virtual
power management:

processor	: 1
vendor_id	: GenuineIntel
cpu family	: 6
model		: 23
model name	: Pentium(R) Dual-Core CPU       T4500  @ 2.30GHz
stepping	: 10
microcode	: 0xa0b
cpu MHz		: 2300.000
cache size	: 1024 KB
physical id	: 0
siblings	: 2
core id		: 1
cpu cores	: 2
apicid		: 1
initial apicid	: 1
fpu		: yes
fpu_exception	: yes
cpuid level	: 13
wp		: yes
flags		: fpu vme de pse tsc msr pae mce cx8 apic sep mtrr pge mca cmov pat pse36 clflush dts acpi mmx fxsr sse sse2 ss ht tm pbe syscall nx lm constant_tsc arch_perfmon pebs bts nopl aperfmperf eagerfpu pni dtes64 monitor ds_cpl est tm2 ssse3 cx16 xtpr pdcm xsave lahf_lm dtherm
bugs		:
bogomips	: 4588.28
clflush size	: 64
cache_alignment	: 64
address sizes	: 36 bits physical, 48 bits virtual
power management:



Memory: 4k page, physical 3948992k(113928k free), swap 0k(0k free)

vm_info: Java HotSpot(TM) 64-Bit Server VM (25.144-b01) for linux-amd64 JRE (1.8.0_144-b01), built on Jul 21 2017 21:57:33 by "java_re" with gcc 4.3.0 20080428 (Red Hat 4.3.0-8)

time: Fri Dec 29 11:32:56 2017
elapsed time: 0 seconds (0d 0h 0m 0s)

