#
# There is insufficient memory for the Java Runtime Environment to continue.
# Native memory allocation (mmap) failed to map 43515904 bytes for committing reserved memory.
# Possible reasons:
#   The system is out of physical RAM or swap space
#   In 32 bit mode, the process size limit was hit
# Possible solutions:
#   Reduce memory load on the system
#   Increase physical memory or swap space
#   Check if swap backing store is full
#   Use 64 bit Java on a 64 bit OS
#   Decrease Java heap size (-Xmx/-Xms)
#   Decrease number of Java threads
#   Decrease Java thread stack sizes (-Xss)
#   Set larger code cache with -XX:ReservedCodeCacheSize=
# This output file may be truncated or incomplete.
#
#  Out of Memory Error (os_linux.cpp:2640), pid=4903, tid=0x00007f9808b4f700
#
# JRE version:  (8.0_144-b01) (build )
# Java VM: Java HotSpot(TM) 64-Bit Server VM (25.144-b01 mixed mode linux-amd64 compressed oops)
# Failed to write core dump. Core dumps have been disabled. To enable core dumping, try "ulimit -c unlimited" before starting Java again
#

---------------  T H R E A D  ---------------

Current thread (0x00007f9800010000):  JavaThread "Unknown thread" [_thread_in_vm, id=4908, stack(0x00007f9808a4f000,0x00007f9808b50000)]

Stack: [0x00007f9808a4f000,0x00007f9808b50000],  sp=0x00007f9808b4e3c0,  free space=1020k
Native frames: (J=compiled Java code, j=interpreted, Vv=VM code, C=native code)
V  [libjvm.so+0xacb18a]  VMError::report_and_die()+0x2ba
V  [libjvm.so+0x4ff4db]  report_vm_out_of_memory(char const*, int, unsigned long, VMErrorType, char const*)+0x8b
V  [libjvm.so+0x927d23]  os::Linux::commit_memory_impl(char*, unsigned long, bool)+0x103
V  [libjvm.so+0x928279]  os::pd_commit_memory(char*, unsigned long, unsigned long, bool)+0x29
V  [libjvm.so+0x92249a]  os::commit_memory(char*, unsigned long, unsigned long, bool)+0x2a
V  [libjvm.so+0x996ff3]  PSVirtualSpace::expand_by(unsigned long)+0x53
V  [libjvm.so+0x987107]  PSOldGen::initialize(ReservedSpace, unsigned long, char const*, int)+0xb7
V  [libjvm.so+0x2dac3a]  AdjoiningGenerations::AdjoiningGenerations(ReservedSpace, GenerationSizer*, unsigned long)+0x39a
V  [libjvm.so+0x94b3a6]  ParallelScavengeHeap::initialize()+0x1d6
V  [libjvm.so+0xa93203]  Universe::initialize_heap()+0xf3
V  [libjvm.so+0xa9376e]  universe_init()+0x3e
V  [libjvm.so+0x640565]  init_globals()+0x65
V  [libjvm.so+0xa76e5e]  Threads::create_vm(JavaVMInitArgs*, bool*)+0x23e
V  [libjvm.so+0x6d4e64]  JNI_CreateJavaVM+0x74
C  [libjli.so+0x745e]  JavaMain+0x9e
C  [libpthread.so.0+0x7494]  start_thread+0xc4


---------------  P R O C E S S  ---------------

Java Threads: ( => current thread )

Other Threads:

=>0x00007f9800010000 (exited) JavaThread "Unknown thread" [_thread_in_vm, id=4908, stack(0x00007f9808a4f000,0x00007f9808b50000)]

VM state:not at safepoint (not fully initialized)

VM Mutex/Monitor currently owned by a thread: None

GC Heap History (0 events):
No events

Deoptimization events (0 events):
No events

Internal exceptions (0 events):
No events

Events (0 events):
No events


Dynamic libraries:
00400000-00401000 r-xp 00000000 08:02 2628214                            /opt/jdk/jvm/jdk1.8.0_144/bin/java
00600000-00601000 rw-p 00000000 08:02 2628214                            /opt/jdk/jvm/jdk1.8.0_144/bin/java
00cc3000-00ce4000 rw-p 00000000 00:00 0                                  [heap]
c6380000-ebe00000 ---p 00000000 00:00 0 
ebe00000-ed280000 rw-p 00000000 00:00 0 
ed280000-100000000 ---p 00000000 00:00 0 
7f97f1000000-7f97f1270000 rwxp 00000000 00:00 0 
7f97f1270000-7f9800000000 ---p 00000000 00:00 0 
7f9800000000-7f980003d000 rw-p 00000000 00:00 0 
7f980003d000-7f9804000000 ---p 00000000 00:00 0 
7f9804e55000-7f98050dc000 rw-p 00000000 00:00 0 
7f98050dc000-7f980521e000 ---p 00000000 00:00 0 
7f980521e000-7f9805229000 rw-p 00000000 00:00 0 
7f9805229000-7f98052bf000 ---p 00000000 00:00 0 
7f98052bf000-7f98052ca000 rw-p 00000000 00:00 0 
7f98052ca000-7f9805680000 ---p 00000000 00:00 0 
7f9805680000-7f980569a000 r-xp 00000000 08:02 2626754                    /opt/jdk/jvm/jdk1.8.0_144/jre/lib/amd64/libzip.so
7f980569a000-7f980589a000 ---p 0001a000 08:02 2626754                    /opt/jdk/jvm/jdk1.8.0_144/jre/lib/amd64/libzip.so
7f980589a000-7f980589b000 rw-p 0001a000 08:02 2626754                    /opt/jdk/jvm/jdk1.8.0_144/jre/lib/amd64/libzip.so
7f980589b000-7f98058a5000 r-xp 00000000 08:02 12082194                   /lib/x86_64-linux-gnu/libnss_files-2.24.so
7f98058a5000-7f9805aa5000 ---p 0000a000 08:02 12082194                   /lib/x86_64-linux-gnu/libnss_files-2.24.so
7f9805aa5000-7f9805aa6000 r--p 0000a000 08:02 12082194                   /lib/x86_64-linux-gnu/libnss_files-2.24.so
7f9805aa6000-7f9805aa7000 rw-p 0000b000 08:02 12082194                   /lib/x86_64-linux-gnu/libnss_files-2.24.so
7f9805aa7000-7f9805aad000 rw-p 00000000 00:00 0 
7f9805aad000-7f9805ab8000 r-xp 00000000 08:02 12082196                   /lib/x86_64-linux-gnu/libnss_nis-2.24.so
7f9805ab8000-7f9805cb7000 ---p 0000b000 08:02 12082196                   /lib/x86_64-linux-gnu/libnss_nis-2.24.so
7f9805cb7000-7f9805cb8000 r--p 0000a000 08:02 12082196                   /lib/x86_64-linux-gnu/libnss_nis-2.24.so
7f9805cb8000-7f9805cb9000 rw-p 0000b000 08:02 12082196                   /lib/x86_64-linux-gnu/libnss_nis-2.24.so
7f9805cb9000-7f9805ccd000 r-xp 00000000 08:02 12082191                   /lib/x86_64-linux-gnu/libnsl-2.24.so
7f9805ccd000-7f9805ecd000 ---p 00014000 08:02 12082191                   /lib/x86_64-linux-gnu/libnsl-2.24.so
7f9805ecd000-7f9805ece000 r--p 00014000 08:02 12082191                   /lib/x86_64-linux-gnu/libnsl-2.24.so
7f9805ece000-7f9805ecf000 rw-p 00015000 08:02 12082191                   /lib/x86_64-linux-gnu/libnsl-2.24.so
7f9805ecf000-7f9805ed1000 rw-p 00000000 00:00 0 
7f9805ed1000-7f9805ed8000 r-xp 00000000 08:02 12082192                   /lib/x86_64-linux-gnu/libnss_compat-2.24.so
7f9805ed8000-7f98060d7000 ---p 00007000 08:02 12082192                   /lib/x86_64-linux-gnu/libnss_compat-2.24.so
7f98060d7000-7f98060d8000 r--p 00006000 08:02 12082192                   /lib/x86_64-linux-gnu/libnss_compat-2.24.so
7f98060d8000-7f98060d9000 rw-p 00007000 08:02 12082192                   /lib/x86_64-linux-gnu/libnss_compat-2.24.so
7f98060d9000-7f9806209000 r--p 00000000 08:02 10907735                   /usr/lib/locale/an_ES.utf8/LC_COLLATE
7f9806209000-7f980620b000 r-xp 00000000 08:02 2626753                    /opt/jdk/jvm/jdk1.8.0_144/jre/lib/amd64/libnpt.so
7f980620b000-7f980640b000 ---p 00002000 08:02 2626753                    /opt/jdk/jvm/jdk1.8.0_144/jre/lib/amd64/libnpt.so
7f980640b000-7f980640c000 rw-p 00002000 08:02 2626753                    /opt/jdk/jvm/jdk1.8.0_144/jre/lib/amd64/libnpt.so
7f980640c000-7f9806445000 r-xp 00000000 08:02 2626734                    /opt/jdk/jvm/jdk1.8.0_144/jre/lib/amd64/libjdwp.so
7f9806445000-7f9806645000 ---p 00039000 08:02 2626734                    /opt/jdk/jvm/jdk1.8.0_144/jre/lib/amd64/libjdwp.so
7f9806645000-7f9806646000 rw-p 00039000 08:02 2626734                    /opt/jdk/jvm/jdk1.8.0_144/jre/lib/amd64/libjdwp.so
7f9806646000-7f9806647000 rw-p 00000000 00:00 0 
7f9806647000-7f9806672000 r-xp 00000000 08:02 2626797                    /opt/jdk/jvm/jdk1.8.0_144/jre/lib/amd64/libjava.so
7f9806672000-7f9806871000 ---p 0002b000 08:02 2626797                    /opt/jdk/jvm/jdk1.8.0_144/jre/lib/amd64/libjava.so
7f9806871000-7f9806873000 rw-p 0002a000 08:02 2626797                    /opt/jdk/jvm/jdk1.8.0_144/jre/lib/amd64/libjava.so
7f9806873000-7f9806880000 r-xp 00000000 08:02 2626777                    /opt/jdk/jvm/jdk1.8.0_144/jre/lib/amd64/libverify.so
7f9806880000-7f9806a80000 ---p 0000d000 08:02 2626777                    /opt/jdk/jvm/jdk1.8.0_144/jre/lib/amd64/libverify.so
7f9806a80000-7f9806a82000 rw-p 0000d000 08:02 2626777                    /opt/jdk/jvm/jdk1.8.0_144/jre/lib/amd64/libverify.so
7f9806a82000-7f9806a89000 r-xp 00000000 08:02 12082201                   /lib/x86_64-linux-gnu/librt-2.24.so
7f9806a89000-7f9806c88000 ---p 00007000 08:02 12082201                   /lib/x86_64-linux-gnu/librt-2.24.so
7f9806c88000-7f9806c89000 r--p 00006000 08:02 12082201                   /lib/x86_64-linux-gnu/librt-2.24.so
7f9806c89000-7f9806c8a000 rw-p 00007000 08:02 12082201                   /lib/x86_64-linux-gnu/librt-2.24.so
7f9806c8a000-7f9806d8d000 r-xp 00000000 08:02 12082188                   /lib/x86_64-linux-gnu/libm-2.24.so
7f9806d8d000-7f9806f8c000 ---p 00103000 08:02 12082188                   /lib/x86_64-linux-gnu/libm-2.24.so
7f9806f8c000-7f9806f8d000 r--p 00102000 08:02 12082188                   /lib/x86_64-linux-gnu/libm-2.24.so
7f9806f8d000-7f9806f8e000 rw-p 00103000 08:02 12082188                   /lib/x86_64-linux-gnu/libm-2.24.so
7f9806f8e000-7f9807c61000 r-xp 00000000 08:02 2626758                    /opt/jdk/jvm/jdk1.8.0_144/jre/lib/amd64/server/libjvm.so
7f9807c61000-7f9807e60000 ---p 00cd3000 08:02 2626758                    /opt/jdk/jvm/jdk1.8.0_144/jre/lib/amd64/server/libjvm.so
7f9807e60000-7f9807f3a000 rw-p 00cd2000 08:02 2626758                    /opt/jdk/jvm/jdk1.8.0_144/jre/lib/amd64/server/libjvm.so
7f9807f3a000-7f9807f85000 rw-p 00000000 00:00 0 
7f9807f85000-7f980811a000 r-xp 00000000 08:02 12082184                   /lib/x86_64-linux-gnu/libc-2.24.so
7f980811a000-7f980831a000 ---p 00195000 08:02 12082184                   /lib/x86_64-linux-gnu/libc-2.24.so
7f980831a000-7f980831e000 r--p 00195000 08:02 12082184                   /lib/x86_64-linux-gnu/libc-2.24.so
7f980831e000-7f9808320000 rw-p 00199000 08:02 12082184                   /lib/x86_64-linux-gnu/libc-2.24.so
7f9808320000-7f9808324000 rw-p 00000000 00:00 0 
7f9808324000-7f9808327000 r-xp 00000000 08:02 12082187                   /lib/x86_64-linux-gnu/libdl-2.24.so
7f9808327000-7f9808526000 ---p 00003000 08:02 12082187                   /lib/x86_64-linux-gnu/libdl-2.24.so
7f9808526000-7f9808527000 r--p 00002000 08:02 12082187                   /lib/x86_64-linux-gnu/libdl-2.24.so
7f9808527000-7f9808528000 rw-p 00003000 08:02 12082187                   /lib/x86_64-linux-gnu/libdl-2.24.so
7f9808528000-7f980853d000 r-xp 00000000 08:02 2626929                    /opt/jdk/jvm/jdk1.8.0_144/lib/amd64/jli/libjli.so
7f980853d000-7f980873d000 ---p 00015000 08:02 2626929                    /opt/jdk/jvm/jdk1.8.0_144/lib/amd64/jli/libjli.so
7f980873d000-7f980873e000 rw-p 00015000 08:02 2626929                    /opt/jdk/jvm/jdk1.8.0_144/lib/amd64/jli/libjli.so
7f980873e000-7f9808756000 r-xp 00000000 08:02 12082199                   /lib/x86_64-linux-gnu/libpthread-2.24.so
7f9808756000-7f9808955000 ---p 00018000 08:02 12082199                   /lib/x86_64-linux-gnu/libpthread-2.24.so
7f9808955000-7f9808956000 r--p 00017000 08:02 12082199                   /lib/x86_64-linux-gnu/libpthread-2.24.so
7f9808956000-7f9808957000 rw-p 00018000 08:02 12082199                   /lib/x86_64-linux-gnu/libpthread-2.24.so
7f9808957000-7f980895b000 rw-p 00000000 00:00 0 
7f980895b000-7f980897e000 r-xp 00000000 08:02 12082179                   /lib/x86_64-linux-gnu/ld-2.24.so
7f98089d8000-7f98089fe000 r--p 00000000 08:02 10774897                   /usr/share/locale/es/LC_MESSAGES/libc.mo
7f98089fe000-7f9808a4f000 r--p 00000000 08:02 10801630                   /usr/lib/locale/aa_DJ.utf8/LC_CTYPE
7f9808a4f000-7f9808a52000 ---p 00000000 00:00 0 
7f9808a52000-7f9808b52000 rw-p 00000000 00:00 0 
7f9808b60000-7f9808b68000 rw-s 00000000 08:02 14982676                   /tmp/hsperfdata_deb/4903
7f9808b68000-7f9808b69000 r--p 00000000 08:02 10801660                   /usr/lib/locale/aa_ET/LC_NUMERIC
7f9808b69000-7f9808b6a000 r--p 00000000 08:02 12743217                   /usr/lib/locale/es_AR.utf8/LC_TIME
7f9808b6a000-7f9808b6b000 r--p 00000000 08:02 13268675                   /usr/lib/locale/es_PR.utf8/LC_MONETARY
7f9808b6b000-7f9808b6c000 r--p 00000000 08:02 11430591                   /usr/lib/locale/ca_AD.utf8/LC_MESSAGES/SYS_LC_MESSAGES
7f9808b6c000-7f9808b6d000 r--p 00000000 08:02 11564307                   /usr/lib/locale/chr_US/LC_PAPER
7f9808b6d000-7f9808b6e000 r--p 00000000 08:02 10907708                   /usr/lib/locale/ak_GH/LC_NAME
7f9808b6e000-7f9808b6f000 r--p 00000000 08:02 13403500                   /usr/lib/locale/es_SV.utf8/LC_ADDRESS
7f9808b6f000-7f9808b70000 r--p 00000000 08:02 13403503                   /usr/lib/locale/es_SV.utf8/LC_TELEPHONE
7f9808b70000-7f9808b71000 r--p 00000000 08:02 10801632                   /usr/lib/locale/aa_DJ.utf8/LC_MEASUREMENT
7f9808b71000-7f9808b78000 r--s 00000000 08:02 10771170                   /usr/lib/x86_64-linux-gnu/gconv/gconv-modules.cache
7f9808b78000-7f9808b79000 r--p 00000000 08:02 13403501                   /usr/lib/locale/es_SV.utf8/LC_IDENTIFICATION
7f9808b79000-7f9808b7a000 rw-p 00000000 00:00 0 
7f9808b7a000-7f9808b7b000 r--p 00000000 00:00 0 
7f9808b7b000-7f9808b7e000 rw-p 00000000 00:00 0 
7f9808b7e000-7f9808b7f000 r--p 00023000 08:02 12082179                   /lib/x86_64-linux-gnu/ld-2.24.so
7f9808b7f000-7f9808b80000 rw-p 00024000 08:02 12082179                   /lib/x86_64-linux-gnu/ld-2.24.so
7f9808b80000-7f9808b81000 rw-p 00000000 00:00 0 
7fff32367000-7fff32389000 rw-p 00000000 00:00 0                          [stack]
7fff323a8000-7fff323aa000 r--p 00000000 00:00 0                          [vvar]
7fff323aa000-7fff323ac000 r-xp 00000000 00:00 0                          [vdso]
ffffffffff600000-ffffffffff601000 r-xp 00000000 00:00 0                  [vsyscall]

VM Arguments:
jvm_args: -Xdebug -Xrunjdwp:transport=dt_socket,address=localhost:35013 -Dfile.encoding=UTF-8 -Xbootclasspath/p:/home/deb/netbeans-8.2/enterprise/modules/ext/javaee7-endorsed/javax.annotation-api.jar:/home/deb/netbeans-8.2/enterprise/modules/ext/javaee7-endorsed/javax.xml.soap-api.jar:/home/deb/netbeans-8.2/enterprise/modules/ext/javaee7-endorsed/jaxb-api-osgi.jar:/home/deb/netbeans-8.2/enterprise/modules/ext/javaee7-endorsed/jaxws-api.jar:/home/deb/netbeans-8.2/enterprise/modules/ext/javaee7-endorsed/jsr181-api.jar 
java_command: controlador.test
java_class_path (initial): /home/deb/NetBeansProjects/SistemaContable/build/web/WEB-INF/classes:/home/deb/netbeans-8.2/java/modules/ext/hibernate4/antlr-2.7.7.jar:/home/deb/netbeans-8.2/java/modules/ext/hibernate4/c3p0-0.9.2.1.jar:/home/deb/netbeans-8.2/java/modules/ext/hibernate4/hibernate-c3p0-4.3.1.Final.jar:/home/deb/netbeans-8.2/java/modules/ext/hibernate4/mchange-commons-java-0.2.3.4.jar:/home/deb/netbeans-8.2/java/modules/ext/hibernate4/dom4j-1.6.1.jar:/home/deb/netbeans-8.2/java/modules/ext/hibernate4/ehcache-core-2.4.3.jar:/home/deb/netbeans-8.2/java/modules/ext/hibernate4/hibernate-ehcache-4.3.1.Final.jar:/home/deb/netbeans-8.2/java/modules/ext/hibernate4/hibernate-core-4.3.1.Final.jar:/home/deb/netbeans-8.2/java/modules/ext/hibernate4/jboss-logging-3.1.3.GA.jar:/home/deb/netbeans-8.2/java/modules/ext/hibernate4/hibernate-commons-annotations-4.0.4.Final.jar:/home/deb/netbeans-8.2/java/modules/ext/hibernate4/hibernate-entitymanager-4.3.1.Final.jar:/home/deb/netbeans-8.2/java/modules/ext/hibernate4/javassist-3.18.1-GA.jar:/home/deb/netbeans-8.2/java/modules/ext/hibernate4/jboss-transaction-api_1.2_spec-1.0.0.Final.jar:/home/deb/netbeans-8.2/java/modules/ext/hibernate4/slf4j-api-1.6.1.jar:/home/deb/netbeans-8.2/java/modules/ext/hibernate4/slf4j-simple-1.6.1.jar:/home/deb/netbeans-8.2/java/modules/ext/hibernate4/hibernate-jpa-2.1-api-1.0.0.Final.jar:/home/deb/netbeans-8.2/ide/modules/ext/postgresql-9.4.1209.jar:/opt/apache-tomcat-8.0.27/lib/annotations-api.jar:/opt/apache-tomcat-8.0.27/lib/catalina-ant.jar:/opt/apache-tomcat-8.0.27/lib/catalina-ha.jar:/opt/apache-tomcat-8.0.27/lib/catalina-storeconfig.jar:/opt/apache-tomcat-8.0.27/lib/catalina-tribes.jar:/opt/apache-tomcat-8.0.27/lib/catalina.jar:/opt/apache-tomcat-8.0.27/lib/ecj-4.4.2.jar:/opt/apache-tomcat-8.0.27/lib/el-api.jar:/opt/apache-tomcat-8.0.27/lib/jasper-el.jar:/opt/apache-tomcat-8.0.27/lib/jasper.jar:/opt/apache-tomcat-8.0.27/lib/jsp-api.jar:/opt/apache-tomcat-8.0.27/lib/servlet-api.jar:/opt/apa
Launcher Type: SUN_STANDARD

Environment Variables:
PATH=/usr/local/bin:/usr/bin:/bin:/usr/local/games:/usr/games
USERNAME=deb
LD_LIBRARY_PATH=/opt/jdk/jvm/jdk1.8.0_144/jre/lib/amd64:/opt/jdk/jvm/jdk1.8.0_144/jre/lib/i386:
SHELL=/bin/bash
DISPLAY=:0

Signal Handlers:
SIGSEGV: [libjvm.so+0xacba10], sa_mask[0]=11111111011111111101111111111110, sa_flags=SA_RESTART|SA_SIGINFO
SIGBUS: [libjvm.so+0xacba10], sa_mask[0]=11111111011111111101111111111110, sa_flags=SA_RESTART|SA_SIGINFO
SIGFPE: [libjvm.so+0x924ba0], sa_mask[0]=11111111011111111101111111111110, sa_flags=SA_RESTART|SA_SIGINFO
SIGPIPE: [libjvm.so+0x924ba0], sa_mask[0]=11111111011111111101111111111110, sa_flags=SA_RESTART|SA_SIGINFO
SIGXFSZ: [libjvm.so+0x924ba0], sa_mask[0]=11111111011111111101111111111110, sa_flags=SA_RESTART|SA_SIGINFO
SIGILL: [libjvm.so+0x924ba0], sa_mask[0]=11111111011111111101111111111110, sa_flags=SA_RESTART|SA_SIGINFO
SIGUSR1: SIG_DFL, sa_mask[0]=00000000000000000000000000000000, sa_flags=none
SIGUSR2: [libjvm.so+0x9263e0], sa_mask[0]=00100000000000000000000000000000, sa_flags=SA_RESTART|SA_SIGINFO
SIGHUP: SIG_DFL, sa_mask[0]=00000000000000000000000000000000, sa_flags=none
SIGINT: SIG_IGN, sa_mask[0]=00000000000000000000000000000000, sa_flags=none
SIGTERM: SIG_DFL, sa_mask[0]=00000000000000000000000000000000, sa_flags=none
SIGQUIT: SIG_DFL, sa_mask[0]=00000000000000000000000000000000, sa_flags=none


---------------  S Y S T E M  ---------------

OS:PRETTY_NAME="Debian GNU/Linux 9 (stretch)"
NAME="Debian GNU/Linux"
VERSION_ID="9"
VERSION="9 (stretch)"
ID=debian
HOME_URL="https://www.debian.org/"
SUPPORT_URL="https://www.debian.org/support"
BUG_REPORT_URL="https://bugs.debian.org/"

uname:Linux 4.9.0-4-amd64 #1 SMP Debian 4.9.65-3+deb9u1 (2017-12-23) x86_64
libc:glibc 2.24 NPTL 2.24 
rlimit: STACK 8192k, CORE 0k, NPROC 15334, NOFILE 1048576, AS infinity
load average:0.93 0.47 0.62

/proc/meminfo:
MemTotal:        3948992 kB
MemFree:          114700 kB
MemAvailable:      20672 kB
Buffers:            2004 kB
Cached:           240996 kB
SwapCached:            0 kB
Active:          3434752 kB
Inactive:         219992 kB
Active(anon):    3418292 kB
Inactive(anon):   208900 kB
Active(file):      16460 kB
Inactive(file):    11092 kB
Unevictable:         112 kB
Mlocked:             112 kB
SwapTotal:             0 kB
SwapFree:              0 kB
Dirty:               200 kB
Writeback:             4 kB
AnonPages:       3412040 kB
Mapped:           114384 kB
Shmem:            215264 kB
Slab:              83768 kB
SReclaimable:      25320 kB
SUnreclaim:        58448 kB
KernelStack:       11424 kB
PageTables:        52088 kB
NFS_Unstable:          0 kB
Bounce:                0 kB
WritebackTmp:          0 kB
CommitLimit:     1974496 kB
Committed_AS:    9075940 kB
VmallocTotal:   34359738367 kB
VmallocUsed:           0 kB
VmallocChunk:          0 kB
HardwareCorrupted:     0 kB
AnonHugePages:      2048 kB
ShmemHugePages:        0 kB
ShmemPmdMapped:        0 kB
HugePages_Total:       0
HugePages_Free:        0
HugePages_Rsvd:        0
HugePages_Surp:        0
Hugepagesize:       2048 kB
DirectMap4k:      109208 kB
DirectMap2M:     3983360 kB


CPU:total 2 (initial active 2) (2 cores per cpu, 1 threads per core) family 6 model 23 stepping 10, cmov, cx8, fxsr, mmx, sse, sse2, sse3, ssse3, tsc

/proc/cpuinfo:
processor	: 0
vendor_id	: GenuineIntel
cpu family	: 6
model		: 23
model name	: Pentium(R) Dual-Core CPU       T4500  @ 2.30GHz
stepping	: 10
microcode	: 0xa0b
cpu MHz		: 2300.000
cache size	: 1024 KB
physical id	: 0
siblings	: 2
core id		: 0
cpu cores	: 2
apicid		: 0
initial apicid	: 0
fpu		: yes
fpu_exception	: yes
cpuid level	: 13
wp		: yes
flags		: fpu vme de pse tsc msr pae mce cx8 apic sep mtrr pge mca cmov pat pse36 clflush dts acpi mmx fxsr sse sse2 ss ht tm pbe syscall nx lm constant_tsc arch_perfmon pebs bts nopl aperfmperf eagerfpu pni dtes64 monitor ds_cpl est tm2 ssse3 cx16 xtpr pdcm xsave lahf_lm dtherm
bugs		:
bogomips	: 4588.28
clflush size	: 64
cache_alignment	: 64
address sizes	: 36 bits physical, 48 bits virtual
power management:

processor	: 1
vendor_id	: GenuineIntel
cpu family	: 6
model		: 23
model name	: Pentium(R) Dual-Core CPU       T4500  @ 2.30GHz
stepping	: 10
microcode	: 0xa0b
cpu MHz		: 2300.000
cache size	: 1024 KB
physical id	: 0
siblings	: 2
core id		: 1
cpu cores	: 2
apicid		: 1
initial apicid	: 1
fpu		: yes
fpu_exception	: yes
cpuid level	: 13
wp		: yes
flags		: fpu vme de pse tsc msr pae mce cx8 apic sep mtrr pge mca cmov pat pse36 clflush dts acpi mmx fxsr sse sse2 ss ht tm pbe syscall nx lm constant_tsc arch_perfmon pebs bts nopl aperfmperf eagerfpu pni dtes64 monitor ds_cpl est tm2 ssse3 cx16 xtpr pdcm xsave lahf_lm dtherm
bugs		:
bogomips	: 4588.28
clflush size	: 64
cache_alignment	: 64
address sizes	: 36 bits physical, 48 bits virtual
power management:



Memory: 4k page, physical 3948992k(114700k free), swap 0k(0k free)

vm_info: Java HotSpot(TM) 64-Bit Server VM (25.144-b01) for linux-amd64 JRE (1.8.0_144-b01), built on Jul 21 2017 21:57:33 by "java_re" with gcc 4.3.0 20080428 (Red Hat 4.3.0-8)

time: Fri Dec 29 11:32:30 2017
elapsed time: 0 seconds (0d 0h 0m 0s)

