#
# There is insufficient memory for the Java Runtime Environment to continue.
# Native memory allocation (mmap) failed to map 43515904 bytes for committing reserved memory.
# Possible reasons:
#   The system is out of physical RAM or swap space
#   In 32 bit mode, the process size limit was hit
# Possible solutions:
#   Reduce memory load on the system
#   Increase physical memory or swap space
#   Check if swap backing store is full
#   Use 64 bit Java on a 64 bit OS
#   Decrease Java heap size (-Xmx/-Xms)
#   Decrease number of Java threads
#   Decrease Java thread stack sizes (-Xss)
#   Set larger code cache with -XX:ReservedCodeCacheSize=
# This output file may be truncated or incomplete.
#
#  Out of Memory Error (os_linux.cpp:2640), pid=5376, tid=0x00007fce8ceb0700
#
# JRE version:  (8.0_144-b01) (build )
# Java VM: Java HotSpot(TM) 64-Bit Server VM (25.144-b01 mixed mode linux-amd64 compressed oops)
# Failed to write core dump. Core dumps have been disabled. To enable core dumping, try "ulimit -c unlimited" before starting Java again
#

---------------  T H R E A D  ---------------

Current thread (0x00007fce8400b000):  JavaThread "Unknown thread" [_thread_in_vm, id=5381, stack(0x00007fce8cdb0000,0x00007fce8ceb1000)]

Stack: [0x00007fce8cdb0000,0x00007fce8ceb1000],  sp=0x00007fce8ceaf3c0,  free space=1020k
Native frames: (J=compiled Java code, j=interpreted, Vv=VM code, C=native code)
V  [libjvm.so+0xacb18a]  VMError::report_and_die()+0x2ba
V  [libjvm.so+0x4ff4db]  report_vm_out_of_memory(char const*, int, unsigned long, VMErrorType, char const*)+0x8b
V  [libjvm.so+0x927d23]  os::Linux::commit_memory_impl(char*, unsigned long, bool)+0x103
V  [libjvm.so+0x928279]  os::pd_commit_memory(char*, unsigned long, unsigned long, bool)+0x29
V  [libjvm.so+0x92249a]  os::commit_memory(char*, unsigned long, unsigned long, bool)+0x2a
V  [libjvm.so+0x996ff3]  PSVirtualSpace::expand_by(unsigned long)+0x53
V  [libjvm.so+0x987107]  PSOldGen::initialize(ReservedSpace, unsigned long, char const*, int)+0xb7
V  [libjvm.so+0x2dac3a]  AdjoiningGenerations::AdjoiningGenerations(ReservedSpace, GenerationSizer*, unsigned long)+0x39a
V  [libjvm.so+0x94b3a6]  ParallelScavengeHeap::initialize()+0x1d6
V  [libjvm.so+0xa93203]  Universe::initialize_heap()+0xf3
V  [libjvm.so+0xa9376e]  universe_init()+0x3e
V  [libjvm.so+0x640565]  init_globals()+0x65
V  [libjvm.so+0xa76e5e]  Threads::create_vm(JavaVMInitArgs*, bool*)+0x23e
V  [libjvm.so+0x6d4e64]  JNI_CreateJavaVM+0x74
C  [libjli.so+0x745e]  JavaMain+0x9e
C  [libpthread.so.0+0x7494]  start_thread+0xc4


---------------  P R O C E S S  ---------------

Java Threads: ( => current thread )

Other Threads:

=>0x00007fce8400b000 (exited) JavaThread "Unknown thread" [_thread_in_vm, id=5381, stack(0x00007fce8cdb0000,0x00007fce8ceb1000)]

VM state:not at safepoint (not fully initialized)

VM Mutex/Monitor currently owned by a thread: None

GC Heap History (0 events):
No events

Deoptimization events (0 events):
No events

Internal exceptions (0 events):
No events

Events (0 events):
No events


Dynamic libraries:
00400000-00401000 r-xp 00000000 08:02 2628214                            /opt/jdk/jvm/jdk1.8.0_144/bin/java
00600000-00601000 rw-p 00000000 08:02 2628214                            /opt/jdk/jvm/jdk1.8.0_144/bin/java
018a5000-018c6000 rw-p 00000000 00:00 0                                  [heap]
c6380000-ebe00000 ---p 00000000 00:00 0 
ebe00000-ed280000 rw-p 00000000 00:00 0 
ed280000-100000000 ---p 00000000 00:00 0 
7fce75000000-7fce75270000 rwxp 00000000 00:00 0 
7fce75270000-7fce84000000 ---p 00000000 00:00 0 
7fce84000000-7fce84036000 rw-p 00000000 00:00 0 
7fce84036000-7fce88000000 ---p 00000000 00:00 0 
7fce89724000-7fce899ab000 rw-p 00000000 00:00 0 
7fce899ab000-7fce89aed000 ---p 00000000 00:00 0 
7fce89aed000-7fce89af8000 rw-p 00000000 00:00 0 
7fce89af8000-7fce89b8e000 ---p 00000000 00:00 0 
7fce89b8e000-7fce89b99000 rw-p 00000000 00:00 0 
7fce89b99000-7fce89f4f000 ---p 00000000 00:00 0 
7fce89f4f000-7fce89f69000 r-xp 00000000 08:02 2626754                    /opt/jdk/jvm/jdk1.8.0_144/jre/lib/amd64/libzip.so
7fce89f69000-7fce8a169000 ---p 0001a000 08:02 2626754                    /opt/jdk/jvm/jdk1.8.0_144/jre/lib/amd64/libzip.so
7fce8a169000-7fce8a16a000 rw-p 0001a000 08:02 2626754                    /opt/jdk/jvm/jdk1.8.0_144/jre/lib/amd64/libzip.so
7fce8a16a000-7fce8a174000 r-xp 00000000 08:02 12082194                   /lib/x86_64-linux-gnu/libnss_files-2.24.so
7fce8a174000-7fce8a374000 ---p 0000a000 08:02 12082194                   /lib/x86_64-linux-gnu/libnss_files-2.24.so
7fce8a374000-7fce8a375000 r--p 0000a000 08:02 12082194                   /lib/x86_64-linux-gnu/libnss_files-2.24.so
7fce8a375000-7fce8a376000 rw-p 0000b000 08:02 12082194                   /lib/x86_64-linux-gnu/libnss_files-2.24.so
7fce8a376000-7fce8a37c000 rw-p 00000000 00:00 0 
7fce8a37c000-7fce8a387000 r-xp 00000000 08:02 12082196                   /lib/x86_64-linux-gnu/libnss_nis-2.24.so
7fce8a387000-7fce8a586000 ---p 0000b000 08:02 12082196                   /lib/x86_64-linux-gnu/libnss_nis-2.24.so
7fce8a586000-7fce8a587000 r--p 0000a000 08:02 12082196                   /lib/x86_64-linux-gnu/libnss_nis-2.24.so
7fce8a587000-7fce8a588000 rw-p 0000b000 08:02 12082196                   /lib/x86_64-linux-gnu/libnss_nis-2.24.so
7fce8a588000-7fce8a59c000 r-xp 00000000 08:02 12082191                   /lib/x86_64-linux-gnu/libnsl-2.24.so
7fce8a59c000-7fce8a79c000 ---p 00014000 08:02 12082191                   /lib/x86_64-linux-gnu/libnsl-2.24.so
7fce8a79c000-7fce8a79d000 r--p 00014000 08:02 12082191                   /lib/x86_64-linux-gnu/libnsl-2.24.so
7fce8a79d000-7fce8a79e000 rw-p 00015000 08:02 12082191                   /lib/x86_64-linux-gnu/libnsl-2.24.so
7fce8a79e000-7fce8a7a0000 rw-p 00000000 00:00 0 
7fce8a7a0000-7fce8a7a7000 r-xp 00000000 08:02 12082192                   /lib/x86_64-linux-gnu/libnss_compat-2.24.so
7fce8a7a7000-7fce8a9a6000 ---p 00007000 08:02 12082192                   /lib/x86_64-linux-gnu/libnss_compat-2.24.so
7fce8a9a6000-7fce8a9a7000 r--p 00006000 08:02 12082192                   /lib/x86_64-linux-gnu/libnss_compat-2.24.so
7fce8a9a7000-7fce8a9a8000 rw-p 00007000 08:02 12082192                   /lib/x86_64-linux-gnu/libnss_compat-2.24.so
7fce8a9a8000-7fce8a9d3000 r-xp 00000000 08:02 2626797                    /opt/jdk/jvm/jdk1.8.0_144/jre/lib/amd64/libjava.so
7fce8a9d3000-7fce8abd2000 ---p 0002b000 08:02 2626797                    /opt/jdk/jvm/jdk1.8.0_144/jre/lib/amd64/libjava.so
7fce8abd2000-7fce8abd4000 rw-p 0002a000 08:02 2626797                    /opt/jdk/jvm/jdk1.8.0_144/jre/lib/amd64/libjava.so
7fce8abd4000-7fce8abe1000 r-xp 00000000 08:02 2626777                    /opt/jdk/jvm/jdk1.8.0_144/jre/lib/amd64/libverify.so
7fce8abe1000-7fce8ade1000 ---p 0000d000 08:02 2626777                    /opt/jdk/jvm/jdk1.8.0_144/jre/lib/amd64/libverify.so
7fce8ade1000-7fce8ade3000 rw-p 0000d000 08:02 2626777                    /opt/jdk/jvm/jdk1.8.0_144/jre/lib/amd64/libverify.so
7fce8ade3000-7fce8adea000 r-xp 00000000 08:02 12082201                   /lib/x86_64-linux-gnu/librt-2.24.so
7fce8adea000-7fce8afe9000 ---p 00007000 08:02 12082201                   /lib/x86_64-linux-gnu/librt-2.24.so
7fce8afe9000-7fce8afea000 r--p 00006000 08:02 12082201                   /lib/x86_64-linux-gnu/librt-2.24.so
7fce8afea000-7fce8afeb000 rw-p 00007000 08:02 12082201                   /lib/x86_64-linux-gnu/librt-2.24.so
7fce8afeb000-7fce8b0ee000 r-xp 00000000 08:02 12082188                   /lib/x86_64-linux-gnu/libm-2.24.so
7fce8b0ee000-7fce8b2ed000 ---p 00103000 08:02 12082188                   /lib/x86_64-linux-gnu/libm-2.24.so
7fce8b2ed000-7fce8b2ee000 r--p 00102000 08:02 12082188                   /lib/x86_64-linux-gnu/libm-2.24.so
7fce8b2ee000-7fce8b2ef000 rw-p 00103000 08:02 12082188                   /lib/x86_64-linux-gnu/libm-2.24.so
7fce8b2ef000-7fce8bfc2000 r-xp 00000000 08:02 2626758                    /opt/jdk/jvm/jdk1.8.0_144/jre/lib/amd64/server/libjvm.so
7fce8bfc2000-7fce8c1c1000 ---p 00cd3000 08:02 2626758                    /opt/jdk/jvm/jdk1.8.0_144/jre/lib/amd64/server/libjvm.so
7fce8c1c1000-7fce8c29b000 rw-p 00cd2000 08:02 2626758                    /opt/jdk/jvm/jdk1.8.0_144/jre/lib/amd64/server/libjvm.so
7fce8c29b000-7fce8c2e6000 rw-p 00000000 00:00 0 
7fce8c2e6000-7fce8c47b000 r-xp 00000000 08:02 12082184                   /lib/x86_64-linux-gnu/libc-2.24.so
7fce8c47b000-7fce8c67b000 ---p 00195000 08:02 12082184                   /lib/x86_64-linux-gnu/libc-2.24.so
7fce8c67b000-7fce8c67f000 r--p 00195000 08:02 12082184                   /lib/x86_64-linux-gnu/libc-2.24.so
7fce8c67f000-7fce8c681000 rw-p 00199000 08:02 12082184                   /lib/x86_64-linux-gnu/libc-2.24.so
7fce8c681000-7fce8c685000 rw-p 00000000 00:00 0 
7fce8c685000-7fce8c688000 r-xp 00000000 08:02 12082187                   /lib/x86_64-linux-gnu/libdl-2.24.so
7fce8c688000-7fce8c887000 ---p 00003000 08:02 12082187                   /lib/x86_64-linux-gnu/libdl-2.24.so
7fce8c887000-7fce8c888000 r--p 00002000 08:02 12082187                   /lib/x86_64-linux-gnu/libdl-2.24.so
7fce8c888000-7fce8c889000 rw-p 00003000 08:02 12082187                   /lib/x86_64-linux-gnu/libdl-2.24.so
7fce8c889000-7fce8c89e000 r-xp 00000000 08:02 2626929                    /opt/jdk/jvm/jdk1.8.0_144/lib/amd64/jli/libjli.so
7fce8c89e000-7fce8ca9e000 ---p 00015000 08:02 2626929                    /opt/jdk/jvm/jdk1.8.0_144/lib/amd64/jli/libjli.so
7fce8ca9e000-7fce8ca9f000 rw-p 00015000 08:02 2626929                    /opt/jdk/jvm/jdk1.8.0_144/lib/amd64/jli/libjli.so
7fce8ca9f000-7fce8cab7000 r-xp 00000000 08:02 12082199                   /lib/x86_64-linux-gnu/libpthread-2.24.so
7fce8cab7000-7fce8ccb6000 ---p 00018000 08:02 12082199                   /lib/x86_64-linux-gnu/libpthread-2.24.so
7fce8ccb6000-7fce8ccb7000 r--p 00017000 08:02 12082199                   /lib/x86_64-linux-gnu/libpthread-2.24.so
7fce8ccb7000-7fce8ccb8000 rw-p 00018000 08:02 12082199                   /lib/x86_64-linux-gnu/libpthread-2.24.so
7fce8ccb8000-7fce8ccbc000 rw-p 00000000 00:00 0 
7fce8ccbc000-7fce8ccdf000 r-xp 00000000 08:02 12082179                   /lib/x86_64-linux-gnu/ld-2.24.so
7fce8cdb0000-7fce8cdb3000 ---p 00000000 00:00 0 
7fce8cdb3000-7fce8ceb3000 rw-p 00000000 00:00 0 
7fce8ced2000-7fce8ceda000 rw-s 00000000 08:02 14982688                   /tmp/hsperfdata_deb/5376
7fce8ceda000-7fce8cedb000 rw-p 00000000 00:00 0 
7fce8cedb000-7fce8cedc000 r--p 00000000 00:00 0 
7fce8cedc000-7fce8cedf000 rw-p 00000000 00:00 0 
7fce8cedf000-7fce8cee0000 r--p 00023000 08:02 12082179                   /lib/x86_64-linux-gnu/ld-2.24.so
7fce8cee0000-7fce8cee1000 rw-p 00024000 08:02 12082179                   /lib/x86_64-linux-gnu/ld-2.24.so
7fce8cee1000-7fce8cee2000 rw-p 00000000 00:00 0 
7ffc7ed9b000-7ffc7edbd000 rw-p 00000000 00:00 0                          [stack]
7ffc7edf0000-7ffc7edf2000 r--p 00000000 00:00 0                          [vvar]
7ffc7edf2000-7ffc7edf4000 r-xp 00000000 00:00 0                          [vdso]
ffffffffff600000-ffffffffff601000 r-xp 00000000 00:00 0                  [vsyscall]

VM Arguments:
jvm_args: -Dfile.encoding=UTF-8 -Xbootclasspath/p:/home/deb/netbeans-8.2/enterprise/modules/ext/javaee7-endorsed/javax.annotation-api.jar:/home/deb/netbeans-8.2/enterprise/modules/ext/javaee7-endorsed/javax.xml.soap-api.jar:/home/deb/netbeans-8.2/enterprise/modules/ext/javaee7-endorsed/jaxb-api-osgi.jar:/home/deb/netbeans-8.2/enterprise/modules/ext/javaee7-endorsed/jaxws-api.jar:/home/deb/netbeans-8.2/enterprise/modules/ext/javaee7-endorsed/jsr181-api.jar 
java_command: controlador.test
java_class_path (initial): /home/deb/NetBeansProjects/SistemaContable/build/web/WEB-INF/classes:/home/deb/netbeans-8.2/java/modules/ext/hibernate4/antlr-2.7.7.jar:/home/deb/netbeans-8.2/java/modules/ext/hibernate4/c3p0-0.9.2.1.jar:/home/deb/netbeans-8.2/java/modules/ext/hibernate4/hibernate-c3p0-4.3.1.Final.jar:/home/deb/netbeans-8.2/java/modules/ext/hibernate4/mchange-commons-java-0.2.3.4.jar:/home/deb/netbeans-8.2/java/modules/ext/hibernate4/dom4j-1.6.1.jar:/home/deb/netbeans-8.2/java/modules/ext/hibernate4/ehcache-core-2.4.3.jar:/home/deb/netbeans-8.2/java/modules/ext/hibernate4/hibernate-ehcache-4.3.1.Final.jar:/home/deb/netbeans-8.2/java/modules/ext/hibernate4/hibernate-core-4.3.1.Final.jar:/home/deb/netbeans-8.2/java/modules/ext/hibernate4/jboss-logging-3.1.3.GA.jar:/home/deb/netbeans-8.2/java/modules/ext/hibernate4/hibernate-commons-annotations-4.0.4.Final.jar:/home/deb/netbeans-8.2/java/modules/ext/hibernate4/hibernate-entitymanager-4.3.1.Final.jar:/home/deb/netbeans-8.2/java/modules/ext/hibernate4/javassist-3.18.1-GA.jar:/home/deb/netbeans-8.2/java/modules/ext/hibernate4/jboss-transaction-api_1.2_spec-1.0.0.Final.jar:/home/deb/netbeans-8.2/java/modules/ext/hibernate4/slf4j-api-1.6.1.jar:/home/deb/netbeans-8.2/java/modules/ext/hibernate4/slf4j-simple-1.6.1.jar:/home/deb/netbeans-8.2/java/modules/ext/hibernate4/hibernate-jpa-2.1-api-1.0.0.Final.jar:/home/deb/netbeans-8.2/ide/modules/ext/postgresql-9.4.1209.jar:/opt/apache-tomcat-8.0.27/lib/annotations-api.jar:/opt/apache-tomcat-8.0.27/lib/catalina-ant.jar:/opt/apache-tomcat-8.0.27/lib/catalina-ha.jar:/opt/apache-tomcat-8.0.27/lib/catalina-storeconfig.jar:/opt/apache-tomcat-8.0.27/lib/catalina-tribes.jar:/opt/apache-tomcat-8.0.27/lib/catalina.jar:/opt/apache-tomcat-8.0.27/lib/ecj-4.4.2.jar:/opt/apache-tomcat-8.0.27/lib/el-api.jar:/opt/apache-tomcat-8.0.27/lib/jasper-el.jar:/opt/apache-tomcat-8.0.27/lib/jasper.jar:/opt/apache-tomcat-8.0.27/lib/jsp-api.jar:/opt/apache-tomcat-8.0.27/lib/servlet-api.jar:/opt/apa
Launcher Type: SUN_STANDARD

Environment Variables:
PATH=/usr/local/bin:/usr/bin:/bin:/usr/local/games:/usr/games
USERNAME=deb
LD_LIBRARY_PATH=/opt/jdk/jvm/jdk1.8.0_144/jre/lib/amd64:/opt/jdk/jvm/jdk1.8.0_144/jre/lib/i386:
SHELL=/bin/bash
DISPLAY=:0

Signal Handlers:
SIGSEGV: [libjvm.so+0xacba10], sa_mask[0]=11111111011111111101111111111110, sa_flags=SA_RESTART|SA_SIGINFO
SIGBUS: [libjvm.so+0xacba10], sa_mask[0]=11111111011111111101111111111110, sa_flags=SA_RESTART|SA_SIGINFO
SIGFPE: [libjvm.so+0x924ba0], sa_mask[0]=11111111011111111101111111111110, sa_flags=SA_RESTART|SA_SIGINFO
SIGPIPE: [libjvm.so+0x924ba0], sa_mask[0]=11111111011111111101111111111110, sa_flags=SA_RESTART|SA_SIGINFO
SIGXFSZ: [libjvm.so+0x924ba0], sa_mask[0]=11111111011111111101111111111110, sa_flags=SA_RESTART|SA_SIGINFO
SIGILL: [libjvm.so+0x924ba0], sa_mask[0]=11111111011111111101111111111110, sa_flags=SA_RESTART|SA_SIGINFO
SIGUSR1: SIG_DFL, sa_mask[0]=00000000000000000000000000000000, sa_flags=none
SIGUSR2: [libjvm.so+0x9263e0], sa_mask[0]=00100000000000000000000000000000, sa_flags=SA_RESTART|SA_SIGINFO
SIGHUP: SIG_DFL, sa_mask[0]=00000000000000000000000000000000, sa_flags=none
SIGINT: SIG_IGN, sa_mask[0]=00000000000000000000000000000000, sa_flags=none
SIGTERM: SIG_DFL, sa_mask[0]=00000000000000000000000000000000, sa_flags=none
SIGQUIT: SIG_DFL, sa_mask[0]=00000000000000000000000000000000, sa_flags=none


---------------  S Y S T E M  ---------------

OS:PRETTY_NAME="Debian GNU/Linux 9 (stretch)"
NAME="Debian GNU/Linux"
VERSION_ID="9"
VERSION="9 (stretch)"
ID=debian
HOME_URL="https://www.debian.org/"
SUPPORT_URL="https://www.debian.org/support"
BUG_REPORT_URL="https://bugs.debian.org/"

uname:Linux 4.9.0-4-amd64 #1 SMP Debian 4.9.65-3+deb9u1 (2017-12-23) x86_64
libc:glibc 2.24 NPTL 2.24 
rlimit: STACK 8192k, CORE 0k, NPROC 15334, NOFILE 1048576, AS infinity
load average:3.57 1.91 1.19

/proc/meminfo:
MemTotal:        3948992 kB
MemFree:          111888 kB
MemAvailable:      15220 kB
Buffers:             824 kB
Cached:           236932 kB
SwapCached:            0 kB
Active:          3437356 kB
Inactive:         218656 kB
Active(anon):    3424676 kB
Inactive(anon):   207732 kB
Active(file):      12680 kB
Inactive(file):    10924 kB
Unevictable:         112 kB
Mlocked:             112 kB
SwapTotal:             0 kB
SwapFree:              0 kB
Dirty:               336 kB
Writeback:             0 kB
AnonPages:       3418416 kB
Mapped:           111956 kB
Shmem:            214104 kB
Slab:              83508 kB
SReclaimable:      23980 kB
SUnreclaim:        59528 kB
KernelStack:       11888 kB
PageTables:        52968 kB
NFS_Unstable:          0 kB
Bounce:                0 kB
WritebackTmp:          0 kB
CommitLimit:     1974496 kB
Committed_AS:    9325544 kB
VmallocTotal:   34359738367 kB
VmallocUsed:           0 kB
VmallocChunk:          0 kB
HardwareCorrupted:     0 kB
AnonHugePages:      2048 kB
ShmemHugePages:        0 kB
ShmemPmdMapped:        0 kB
HugePages_Total:       0
HugePages_Free:        0
HugePages_Rsvd:        0
HugePages_Surp:        0
Hugepagesize:       2048 kB
DirectMap4k:      125592 kB
DirectMap2M:     3966976 kB


CPU:total 2 (initial active 2) (2 cores per cpu, 1 threads per core) family 6 model 23 stepping 10, cmov, cx8, fxsr, mmx, sse, sse2, sse3, ssse3, tsc

/proc/cpuinfo:
processor	: 0
vendor_id	: GenuineIntel
cpu family	: 6
model		: 23
model name	: Pentium(R) Dual-Core CPU       T4500  @ 2.30GHz
stepping	: 10
microcode	: 0xa0b
cpu MHz		: 2300.000
cache size	: 1024 KB
physical id	: 0
siblings	: 2
core id		: 0
cpu cores	: 2
apicid		: 0
initial apicid	: 0
fpu		: yes
fpu_exception	: yes
cpuid level	: 13
wp		: yes
flags		: fpu vme de pse tsc msr pae mce cx8 apic sep mtrr pge mca cmov pat pse36 clflush dts acpi mmx fxsr sse sse2 ss ht tm pbe syscall nx lm constant_tsc arch_perfmon pebs bts nopl aperfmperf eagerfpu pni dtes64 monitor ds_cpl est tm2 ssse3 cx16 xtpr pdcm xsave lahf_lm dtherm
bugs		:
bogomips	: 4588.28
clflush size	: 64
cache_alignment	: 64
address sizes	: 36 bits physical, 48 bits virtual
power management:

processor	: 1
vendor_id	: GenuineIntel
cpu family	: 6
model		: 23
model name	: Pentium(R) Dual-Core CPU       T4500  @ 2.30GHz
stepping	: 10
microcode	: 0xa0b
cpu MHz		: 2300.000
cache size	: 1024 KB
physical id	: 0
siblings	: 2
core id		: 1
cpu cores	: 2
apicid		: 1
initial apicid	: 1
fpu		: yes
fpu_exception	: yes
cpuid level	: 13
wp		: yes
flags		: fpu vme de pse tsc msr pae mce cx8 apic sep mtrr pge mca cmov pat pse36 clflush dts acpi mmx fxsr sse sse2 ss ht tm pbe syscall nx lm constant_tsc arch_perfmon pebs bts nopl aperfmperf eagerfpu pni dtes64 monitor ds_cpl est tm2 ssse3 cx16 xtpr pdcm xsave lahf_lm dtherm
bugs		:
bogomips	: 4588.28
clflush size	: 64
cache_alignment	: 64
address sizes	: 36 bits physical, 48 bits virtual
power management:



Memory: 4k page, physical 3948992k(111888k free), swap 0k(0k free)

vm_info: Java HotSpot(TM) 64-Bit Server VM (25.144-b01) for linux-amd64 JRE (1.8.0_144-b01), built on Jul 21 2017 21:57:33 by "java_re" with gcc 4.3.0 20080428 (Red Hat 4.3.0-8)

time: Fri Dec 29 11:50:07 2017
elapsed time: 0 seconds (0d 0h 0m 0s)

